<?xml version="1.0" encoding="UTF-8"?>
<!-- Generated by org.testng.reporters.JUnitReportReporter -->
<testsuite skipped="0" hostname="DESKTOP-6D3FG3E" name="com.sb.qa.testcases.SmartReporting_UnitTest" tests="5" failures="0" timestamp="2021-04-19T16:57:58 CEST" time="5.378" errors="0">
  <testcase name="launchURL" time="4.387" classname="com.sb.qa.testcases.SmartReporting_UnitTest"/>
  <system-out/>
  <testcase name="enterConvertVal" time="0.248" classname="com.sb.qa.testcases.SmartReporting_UnitTest"/>
  <system-out/>
  <testcase name="fromDrpdown" time="0.281" classname="com.sb.qa.testcases.SmartReporting_UnitTest"/>
  <system-out/>
  <testcase name="toDrpdown" time="0.247" classname="com.sb.qa.testcases.SmartReporting_UnitTest"/>
  <system-out/>
  <testcase name="clickBtn" time="0.215" classname="com.sb.qa.testcases.SmartReporting_UnitTest"/>
  <system-out/>
</testsuite> <!-- com.sb.qa.testcases.SmartReporting_UnitTest -->
