<?xml version="1.0" encoding="UTF-8"?>
<!-- Generated by org.testng.reporters.JUnitReportReporter -->
<testsuite skipped="0" hostname="DESKTOP-6D3FG3E" name="com.sb.qa.testcases.SmartReporting_MainTest" tests="5" failures="0" timestamp="2021-04-19T03:06:45 CEST" time="4.443" errors="0">
  <testcase name="launchURL" time="3.628" classname="com.sb.qa.testcases.SmartReporting_MainTest"/>
  <system-out/>
  <testcase name="enterConvertVal" time="0.132" classname="com.sb.qa.testcases.SmartReporting_MainTest"/>
  <system-out/>
  <testcase name="toDrpdown" time="0.196" classname="com.sb.qa.testcases.SmartReporting_MainTest"/>
  <system-out/>
  <testcase name="fromDrpdown" time="0.278" classname="com.sb.qa.testcases.SmartReporting_MainTest"/>
  <system-out/>
  <testcase name="clickBtn" time="0.209" classname="com.sb.qa.testcases.SmartReporting_MainTest"/>
  <system-out/>
</testsuite> <!-- com.sb.qa.testcases.SmartReporting_MainTest -->
