<?xml version="1.0" encoding="UTF-8"?>
<!-- Generated by org.testng.reporters.JUnitReportReporter -->
<testsuite skipped="0" hostname="DESKTOP-6D3FG3E" name="com.sb.qa.testcases.SmartReportingEndToEndTest" tests="12" failures="0" timestamp="2021-04-19T16:57:58 CEST" time="12.626" errors="0">
  <testcase name="launchURL" time="3.649" classname="com.sb.qa.testcases.SmartReportingEndToEndTest"/>
  <system-out/>
  <testcase name="enterConvertVal" time="1.055" classname="com.sb.qa.testcases.SmartReportingEndToEndTest"/>
  <system-out/>
  <testcase name="enterConvertVal" time="0.994" classname="com.sb.qa.testcases.SmartReportingEndToEndTest"/>
  <system-out/>
  <testcase name="enterConvertVal" time="0.615" classname="com.sb.qa.testcases.SmartReportingEndToEndTest"/>
  <system-out/>
  <testcase name="enterConvertVal" time="0.782" classname="com.sb.qa.testcases.SmartReportingEndToEndTest"/>
  <system-out/>
  <testcase name="enterConvertVal" time="1.073" classname="com.sb.qa.testcases.SmartReportingEndToEndTest"/>
  <system-out/>
  <testcase name="enterConvertVal" time="0.986" classname="com.sb.qa.testcases.SmartReportingEndToEndTest"/>
  <system-out/>
  <testcase name="enterConvertVal" time="0.696" classname="com.sb.qa.testcases.SmartReportingEndToEndTest"/>
  <system-out/>
  <testcase name="enterConvertVal" time="1.104" classname="com.sb.qa.testcases.SmartReportingEndToEndTest"/>
  <system-out/>
  <testcase name="enterConvertVal" time="0.718" classname="com.sb.qa.testcases.SmartReportingEndToEndTest"/>
  <system-out/>
  <testcase name="enterConvertVal" time="0.759" classname="com.sb.qa.testcases.SmartReportingEndToEndTest"/>
  <system-out/>
  <testcase name="currencyConversionHistory" time="0.195" classname="com.sb.qa.testcases.SmartReportingEndToEndTest"/>
  <system-out/>
</testsuite> <!-- com.sb.qa.testcases.SmartReportingEndToEndTest -->
